<?xml version="1.0" encoding="UTF-8"?>
<!-- Generated by org.testng.reporters.JUnitXMLReporter -->
<testsuite hostname="PCIN468789" ignored="0" name="Default test" tests="3" failures="0" timestamp="2020-10-26T13:12:22 IST" time="80.235" errors="0">
  <testcase name="testOne" time="28.111" classname="com.selenium.datadriven.framework.logintest.LoginTest"/>
  <testcase name="testOne" time="24.443" classname="com.selenium.datadriven.framework.logintest.LoginTest"/>
  <testcase name="testOne" time="27.122" classname="com.selenium.datadriven.framework.logintest.LoginTest"/>
</testsuite> <!-- Default test -->
